<?xml version="1.0" encoding="UTF-8"?>
<testng-results ignored="0" total="2" passed="2" failed="0" skipped="0">
  <reporter-output>
  </reporter-output>
  <suite started-at="2023-04-03T16:24:45 IST" name="Demo Web App test suite" finished-at="2023-04-03T16:25:38 IST" duration-ms="52974">
    <groups>
    </groups>
    <test started-at="2023-04-03T16:24:45 IST" name="logintest" finished-at="2023-04-03T16:25:38 IST" duration-ms="52974">
      <class name="Test.newTest">
        <test-method is-config="true" signature="LaunchApplication()[pri:0, instance:Test.newTest@3d51f06e]" started-at="2023-04-03T16:24:45 IST" name="LaunchApplication" finished-at="2023-04-03T16:24:56 IST" duration-ms="10735" status="PASS">
          <reporter-output>
          </reporter-output>
        </test-method> <!-- LaunchApplication -->
        <test-method signature="loginTest1()[pri:0, instance:Test.newTest@3d51f06e]" started-at="2023-04-03T16:24:56 IST" name="loginTest1" finished-at="2023-04-03T16:25:33 IST" duration-ms="37040" status="PASS">
          <reporter-output>
          </reporter-output>
        </test-method> <!-- loginTest1 -->
        <test-method is-config="true" signature="tearDown()[pri:0, instance:Test.newTest@3d51f06e]" started-at="2023-04-03T16:25:33 IST" name="tearDown" finished-at="2023-04-03T16:25:33 IST" duration-ms="221" status="PASS">
          <reporter-output>
          </reporter-output>
        </test-method> <!-- tearDown -->
        <test-method is-config="true" signature="LaunchApplication()[pri:0, instance:Test.newTest@3d51f06e]" started-at="2023-04-03T16:25:33 IST" name="LaunchApplication" finished-at="2023-04-03T16:25:38 IST" duration-ms="4246" status="PASS">
          <reporter-output>
          </reporter-output>
        </test-method> <!-- LaunchApplication -->
        <test-method signature="loginTest2()[pri:0, instance:Test.newTest@3d51f06e]" started-at="2023-04-03T16:25:38 IST" name="loginTest2" finished-at="2023-04-03T16:25:38 IST" duration-ms="41" status="PASS">
          <reporter-output>
          </reporter-output>
        </test-method> <!-- loginTest2 -->
        <test-method is-config="true" signature="tearDown()[pri:0, instance:Test.newTest@3d51f06e]" started-at="2023-04-03T16:25:38 IST" name="tearDown" finished-at="2023-04-03T16:25:38 IST" duration-ms="140" status="PASS">
          <reporter-output>
          </reporter-output>
        </test-method> <!-- tearDown -->
      </class> <!-- Test.newTest -->
    </test> <!-- logintest -->
  </suite> <!-- Demo Web App test suite -->
</testng-results>
